# JRE version: Java(TM) SE Runtime Environment (8.0_171-b11) (build 1.8.0_171-b11)
# Java VM: Java HotSpot(TM) 64-Bit Server VM (25.171-b11 mixed mode linux-amd64 compressed oops)
Heap:
 PSYoungGen      total 387072K, used 0K [0x00000000e0000000, 0x0000000100000000, 0x0000000100000000)
  eden space 318464K, 0% used [0x00000000e0000000,0x00000000e0000000,0x00000000f3700000)
  from space 68608K, 0% used [0x00000000fb900000,0x00000000fb900000,0x00000000ffc00000)
  to   space 102912K, 0% used [0x00000000f3700000,0x00000000f3700000,0x00000000f9b80000)
 ParOldGen       total 282112K, used 254120K [0x00000000a0000000, 0x00000000b1380000, 0x00000000e0000000)
  object space 282112K, 90% used [0x00000000a0000000,0x00000000af82a168,0x00000000b1380000)
 Metaspace       used 295608K, capacity 306066K, committed 313560K, reserved 1323008K
  class space    used 36563K, capacity 38374K, committed 39680K, reserved 1048576K
GC Heap History (10 events):
Event: 3158,077 GC heap after
Heap after GC invocations=71 (full 7):
 PSYoungGen      total 435712K, used 49706K [0x00000000e0000000, 0x0000000100000000, 0x0000000100000000)
  eden space 357376K, 0% used [0x00000000e0000000,0x00000000e0000000,0x00000000f5d00000)
  from space 78336K, 63% used [0x00000000fb380000,0x00000000fe40a890,0x0000000100000000)
  to   space 83456K, 0% used [0x00000000f5d00000,0x00000000f5d00000,0x00000000fae80000)
 ParOldGen       total 254464K, used 200834K [0x00000000a0000000, 0x00000000af880000, 0x00000000e0000000)
  object space 254464K, 78% used [0x00000000a0000000,0x00000000ac4209a8,0x00000000af880000)
 Metaspace       used 274706K, capacity 286958K, committed 287320K, reserved 1300480K
  class space    used 34272K, capacity 36368K, committed 36480K, reserved 1048576K
}
Event: 3166,017 GC heap before
{Heap before GC invocations=72 (full 7):
 PSYoungGen      total 435712K, used 407082K [0x00000000e0000000, 0x0000000100000000, 0x0000000100000000)
  eden space 357376K, 100% used [0x00000000e0000000,0x00000000f5d00000,0x00000000f5d00000)
  from space 78336K, 63% used [0x00000000fb380000,0x00000000fe40a890,0x0000000100000000)
  to   space 83456K, 0% used [0x00000000f5d00000,0x00000000f5d00000,0x00000000fae80000)
 ParOldGen       total 254464K, used 200834K [0x00000000a0000000, 0x00000000af880000, 0x00000000e0000000)
  object space 254464K, 78% used [0x00000000a0000000,0x00000000ac4209a8,0x00000000af880000)
 Metaspace       used 278920K, capacity 291606K, committed 291800K, reserved 1304576K
  class space    used 34848K, capacity 37004K, committed 37120K, reserved 1048576K
Event: 3166,118 GC heap after
Heap after GC invocations=72 (full 7):
 PSYoungGen      total 440832K, used 16363K [0x00000000e0000000, 0x00000000ffb00000, 0x0000000100000000)
  eden space 357376K, 0% used [0x00000000e0000000,0x00000000e0000000,0x00000000f5d00000)
  from space 83456K, 19% used [0x00000000f5d00000,0x00000000f6cfaf68,0x00000000fae80000)
  to   space 78336K, 0% used [0x00000000fae80000,0x00000000fae80000,0x00000000ffb00000)
 ParOldGen       total 254464K, used 215375K [0x00000000a0000000, 0x00000000af880000, 0x00000000e0000000)
  object space 254464K, 84% used [0x00000000a0000000,0x00000000ad253e30,0x00000000af880000)
 Metaspace       used 278920K, capacity 291606K, committed 291800K, reserved 1304576K
  class space    used 34848K, capacity 37004K, committed 37120K, reserved 1048576K
}
Event: 3249,975 GC heap before
{Heap before GC invocations=73 (full 7):
 PSYoungGen      total 440832K, used 373739K [0x00000000e0000000, 0x00000000ffb00000, 0x0000000100000000)
  eden space 357376K, 100% used [0x00000000e0000000,0x00000000f5d00000,0x00000000f5d00000)
  from space 83456K, 19% used [0x00000000f5d00000,0x00000000f6cfaf68,0x00000000fae80000)
  to   space 78336K, 0% used [0x00000000fae80000,0x00000000fae80000,0x00000000ffb00000)
 ParOldGen       total 254464K, used 215375K [0x00000000a0000000, 0x00000000af880000, 0x00000000e0000000)
  object space 254464K, 84% used [0x00000000a0000000,0x00000000ad253e30,0x00000000af880000)
 Metaspace       used 288864K, capacity 302648K, committed 302936K, reserved 1314816K
  class space    used 36121K, capacity 38459K, committed 38528K, reserved 1048576K
Event: 3250,030 GC heap after
Heap after GC invocations=73 (full 7):
 PSYoungGen      total 430592K, used 21189K [0x00000000e0000000, 0x00000000ff100000, 0x0000000100000000)
  eden space 362496K, 0% used [0x00000000e0000000,0x00000000e0000000,0x00000000f6200000)
  from space 68096K, 31% used [0x00000000fae80000,0x00000000fc3314a0,0x00000000ff100000)
  to   space 73216K, 0% used [0x00000000f6200000,0x00000000f6200000,0x00000000fa980000)
 ParOldGen       total 254464K, used 218843K [0x00000000a0000000, 0x00000000af880000, 0x00000000e0000000)
  object space 254464K, 86% used [0x00000000a0000000,0x00000000ad5b6fd8,0x00000000af880000)
 Metaspace       used 288864K, capacity 302648K, committed 302936K, reserved 1314816K
  class space    used 36121K, capacity 38459K, committed 38528K, reserved 1048576K
}
Event: 3762,832 GC heap before
{Heap before GC invocations=74 (full 7):
 PSYoungGen      total 430592K, used 383685K [0x00000000e0000000, 0x00000000ff100000, 0x0000000100000000)
  eden space 362496K, 100% used [0x00000000e0000000,0x00000000f6200000,0x00000000f6200000)
  from space 68096K, 31% used [0x00000000fae80000,0x00000000fc3314a0,0x00000000ff100000)
  to   space 73216K, 0% used [0x00000000f6200000,0x00000000f6200000,0x00000000fa980000)
 ParOldGen       total 254464K, used 218843K [0x00000000a0000000, 0x00000000af880000, 0x00000000e0000000)
  object space 254464K, 86% used [0x00000000a0000000,0x00000000ad5b6fd8,0x00000000af880000)
 Metaspace       used 289555K, capacity 303432K, committed 303448K, reserved 1314816K
  class space    used 36187K, capacity 38521K, committed 38528K, reserved 1048576K
Event: 3764,597 GC heap after
Heap after GC invocations=74 (full 7):
 PSYoungGen      total 435712K, used 21868K [0x00000000e0000000, 0x00000000ffc00000, 0x0000000100000000)
  eden space 362496K, 0% used [0x00000000e0000000,0x00000000e0000000,0x00000000f6200000)
  from space 73216K, 29% used [0x00000000f6200000,0x00000000f775b3a8,0x00000000fa980000)
  to   space 68608K, 0% used [0x00000000fb900000,0x00000000fb900000,0x00000000ffc00000)
 ParOldGen       total 254464K, used 221820K [0x00000000a0000000, 0x00000000af880000, 0x00000000e0000000)
  object space 254464K, 87% used [0x00000000a0000000,0x00000000ad89f090,0x00000000af880000)
 Metaspace       used 289555K, capacity 303432K, committed 303448K, reserved 1314816K
  class space    used 36187K, capacity 38521K, committed 38528K, reserved 1048576K
}
Event: 3773,254 GC heap before
{Heap before GC invocations=75 (full 7):
 PSYoungGen      total 435712K, used 384364K [0x00000000e0000000, 0x00000000ffc00000, 0x0000000100000000)
  eden space 362496K, 100% used [0x00000000e0000000,0x00000000f6200000,0x00000000f6200000)
  from space 73216K, 29% used [0x00000000f6200000,0x00000000f775b3a8,0x00000000fa980000)
  to   space 68608K, 0% used [0x00000000fb900000,0x00000000fb900000,0x00000000ffc00000)
 ParOldGen       total 254464K, used 221820K [0x00000000a0000000, 0x00000000af880000, 0x00000000e0000000)
  object space 254464K, 87% used [0x00000000a0000000,0x00000000ad89f090,0x00000000af880000)
 Metaspace       used 299499K, capacity 313460K, committed 313560K, reserved 1323008K
  class space    used 37321K, capacity 39675K, committed 39680K, reserved 1048576K
Event: 3773,843 GC heap after
Heap after GC invocations=75 (full 7):
 PSYoungGen      total 387072K, used 68582K [0x00000000e0000000, 0x0000000100000000, 0x0000000100000000)
  eden space 318464K, 0% used [0x00000000e0000000,0x00000000e0000000,0x00000000f3700000)
  from space 68608K, 99% used [0x00000000fb900000,0x00000000ffbf9848,0x00000000ffc00000)
  to   space 102912K, 0% used [0x00000000f3700000,0x00000000f3700000,0x00000000f9b80000)
 ParOldGen       total 282112K, used 281981K [0x00000000a0000000, 0x00000000b1380000, 0x00000000e0000000)
  object space 282112K, 99% used [0x00000000a0000000,0x00000000b135f540,0x00000000b1380000)
 Metaspace       used 299499K, capacity 313460K, committed 313560K, reserved 1323008K
  class space    used 37321K, capacity 39675K, committed 39680K, reserved 1048576K
}
Event: 3773,847 GC heap before
{Heap before GC invocations=76 (full 8):
 PSYoungGen      total 387072K, used 68582K [0x00000000e0000000, 0x0000000100000000, 0x0000000100000000)
  eden space 318464K, 0% used [0x00000000e0000000,0x00000000e0000000,0x00000000f3700000)
  from space 68608K, 99% used [0x00000000fb900000,0x00000000ffbf9848,0x00000000ffc00000)
  to   space 102912K, 0% used [0x00000000f3700000,0x00000000f3700000,0x00000000f9b80000)
 ParOldGen       total 282112K, used 281981K [0x00000000a0000000, 0x00000000b1380000, 0x00000000e0000000)
  object space 282112K, 99% used [0x00000000a0000000,0x00000000b135f540,0x00000000b1380000)
 Metaspace       used 299499K, capacity 313460K, committed 313560K, reserved 1323008K
  class space    used 37321K, capacity 39675K, committed 39680K, reserved 1048576K

