# JRE version: Java(TM) SE Runtime Environment (8.0_171-b11) (build 1.8.0_171-b11)
# Java VM: Java HotSpot(TM) 64-Bit Server VM (25.171-b11 mixed mode linux-amd64 compressed oops)
Heap:
 PSYoungGen      total 443392K, used 0K [0x00000000e0000000, 0x0000000100000000, 0x0000000100000000)
  eden space 370688K, 0% used [0x00000000e0000000,0x00000000e0000000,0x00000000f6a00000)
  from space 72704K, 0% used [0x00000000f6a00000,0x00000000f6a00000,0x00000000fb100000)
  to   space 71680K, 0% used [0x00000000fba00000,0x00000000fba00000,0x0000000100000000)
 ParOldGen       total 214528K, used 166538K [0x00000000a0000000, 0x00000000ad180000, 0x00000000e0000000)
  object space 214528K, 77% used [0x00000000a0000000,0x00000000aa2a28d8,0x00000000ad180000)
 Metaspace       used 184080K, capacity 193050K, committed 193664K, reserved 1218560K
  class space    used 22586K, capacity 24134K, committed 24192K, reserved 1048576K
GC Heap History (10 events):
Event: 8206,713 GC heap after
Heap after GC invocations=75 (full 6):
 PSYoungGen      total 440320K, used 16090K [0x00000000e0000000, 0x00000000ffd00000, 0x0000000100000000)
  eden space 360960K, 0% used [0x00000000e0000000,0x00000000e0000000,0x00000000f6080000)
  from space 79360K, 20% used [0x00000000f6080000,0x00000000f7036bd0,0x00000000fae00000)
  to   space 76288K, 0% used [0x00000000fb280000,0x00000000fb280000,0x00000000ffd00000)
 ParOldGen       total 214528K, used 136412K [0x00000000a0000000, 0x00000000ad180000, 0x00000000e0000000)
  object space 214528K, 63% used [0x00000000a0000000,0x00000000a85373a0,0x00000000ad180000)
 Metaspace       used 174136K, capacity 183140K, committed 183296K, reserved 1210368K
  class space    used 21474K, capacity 23027K, committed 23040K, reserved 1048576K
}
Event: 8222,512 GC heap before
{Heap before GC invocations=76 (full 6):
 PSYoungGen      total 440320K, used 377050K [0x00000000e0000000, 0x00000000ffd00000, 0x0000000100000000)
  eden space 360960K, 100% used [0x00000000e0000000,0x00000000f6080000,0x00000000f6080000)
  from space 79360K, 20% used [0x00000000f6080000,0x00000000f7036bd0,0x00000000fae00000)
  to   space 76288K, 0% used [0x00000000fb280000,0x00000000fb280000,0x00000000ffd00000)
 ParOldGen       total 214528K, used 136412K [0x00000000a0000000, 0x00000000ad180000, 0x00000000e0000000)
  object space 214528K, 63% used [0x00000000a0000000,0x00000000a85373a0,0x00000000ad180000)
 Metaspace       used 174907K, capacity 184018K, committed 184192K, reserved 1210368K
  class space    used 21568K, capacity 23136K, committed 23168K, reserved 1048576K
Event: 8227,602 GC heap after
Heap after GC invocations=76 (full 6):
 PSYoungGen      total 443904K, used 42672K [0x00000000e0000000, 0x00000000fff00000, 0x0000000100000000)
  eden space 367616K, 0% used [0x00000000e0000000,0x00000000e0000000,0x00000000f6700000)
  from space 76288K, 55% used [0x00000000fb280000,0x00000000fdc2c028,0x00000000ffd00000)
  to   space 77312K, 0% used [0x00000000f6700000,0x00000000f6700000,0x00000000fb280000)
 ParOldGen       total 214528K, used 150941K [0x00000000a0000000, 0x00000000ad180000, 0x00000000e0000000)
  object space 214528K, 70% used [0x00000000a0000000,0x00000000a93677a8,0x00000000ad180000)
 Metaspace       used 174907K, capacity 184018K, committed 184192K, reserved 1210368K
  class space    used 21568K, capacity 23136K, committed 23168K, reserved 1048576K
}
Event: 8231,494 GC heap before
{Heap before GC invocations=77 (full 6):
 PSYoungGen      total 443904K, used 410288K [0x00000000e0000000, 0x00000000fff00000, 0x0000000100000000)
  eden space 367616K, 100% used [0x00000000e0000000,0x00000000f6700000,0x00000000f6700000)
  from space 76288K, 55% used [0x00000000fb280000,0x00000000fdc2c028,0x00000000ffd00000)
  to   space 77312K, 0% used [0x00000000f6700000,0x00000000f6700000,0x00000000fb280000)
 ParOldGen       total 214528K, used 150941K [0x00000000a0000000, 0x00000000ad180000, 0x00000000e0000000)
  object space 214528K, 70% used [0x00000000a0000000,0x00000000a93677a8,0x00000000ad180000)
 Metaspace       used 179931K, capacity 189084K, committed 189312K, reserved 1214464K
  class space    used 22078K, capacity 23663K, committed 23680K, reserved 1048576K
Event: 8248,011 GC heap after
Heap after GC invocations=77 (full 6):
 PSYoungGen      total 444928K, used 5282K [0x00000000e0000000, 0x00000000fff00000, 0x0000000100000000)
  eden space 367616K, 0% used [0x00000000e0000000,0x00000000e0000000,0x00000000f6700000)
  from space 77312K, 6% used [0x00000000f6700000,0x00000000f6c28828,0x00000000fb280000)
  to   space 76288K, 0% used [0x00000000fb480000,0x00000000fb480000,0x00000000fff00000)
 ParOldGen       total 214528K, used 178557K [0x00000000a0000000, 0x00000000ad180000, 0x00000000e0000000)
  object space 214528K, 83% used [0x00000000a0000000,0x00000000aae5f568,0x00000000ad180000)
 Metaspace       used 179931K, capacity 189084K, committed 189312K, reserved 1214464K
  class space    used 22078K, capacity 23663K, committed 23680K, reserved 1048576K
}
Event: 8564,017 GC heap before
{Heap before GC invocations=78 (full 6):
 PSYoungGen      total 444928K, used 372898K [0x00000000e0000000, 0x00000000fff00000, 0x0000000100000000)
  eden space 367616K, 100% used [0x00000000e0000000,0x00000000f6700000,0x00000000f6700000)
  from space 77312K, 6% used [0x00000000f6700000,0x00000000f6c28828,0x00000000fb280000)
  to   space 76288K, 0% used [0x00000000fb480000,0x00000000fb480000,0x00000000fff00000)
 ParOldGen       total 214528K, used 178557K [0x00000000a0000000, 0x00000000ad180000, 0x00000000e0000000)
  object space 214528K, 83% used [0x00000000a0000000,0x00000000aae5f568,0x00000000ad180000)
 Metaspace       used 182730K, capacity 191804K, committed 192000K, reserved 1216512K
  class space    used 22439K, capacity 23993K, committed 24064K, reserved 1048576K
Event: 8565,963 GC heap after
Heap after GC invocations=78 (full 6):
 PSYoungGen      total 439808K, used 16846K [0x00000000e0000000, 0x00000000ff800000, 0x0000000100000000)
  eden space 370688K, 0% used [0x00000000e0000000,0x00000000e0000000,0x00000000f6a00000)
  from space 69120K, 24% used [0x00000000fb480000,0x00000000fc4f39e8,0x00000000ff800000)
  to   space 72704K, 0% used [0x00000000f6a00000,0x00000000f6a00000,0x00000000fb100000)
 ParOldGen       total 214528K, used 180184K [0x00000000a0000000, 0x00000000ad180000, 0x00000000e0000000)
  object space 214528K, 83% used [0x00000000a0000000,0x00000000aaff6338,0x00000000ad180000)
 Metaspace       used 182730K, capacity 191804K, committed 192000K, reserved 1216512K
  class space    used 22439K, capacity 23993K, committed 24064K, reserved 1048576K
}
Event: 8572,405 GC heap before
{Heap before GC invocations=79 (full 6):
 PSYoungGen      total 439808K, used 387534K [0x00000000e0000000, 0x00000000ff800000, 0x0000000100000000)
  eden space 370688K, 100% used [0x00000000e0000000,0x00000000f6a00000,0x00000000f6a00000)
  from space 69120K, 24% used [0x00000000fb480000,0x00000000fc4f39e8,0x00000000ff800000)
  to   space 72704K, 0% used [0x00000000f6a00000,0x00000000f6a00000,0x00000000fb100000)
 ParOldGen       total 214528K, used 180184K [0x00000000a0000000, 0x00000000ad180000, 0x00000000e0000000)
  object space 214528K, 83% used [0x00000000a0000000,0x00000000aaff6338,0x00000000ad180000)
 Metaspace       used 184241K, capacity 193360K, committed 193664K, reserved 1218560K
  class space    used 22617K, capacity 24189K, committed 24192K, reserved 1048576K
Event: 8585,707 GC heap after
Heap after GC invocations=79 (full 6):
 PSYoungGen      total 443392K, used 34369K [0x00000000e0000000, 0x0000000100000000, 0x0000000100000000)
  eden space 370688K, 0% used [0x00000000e0000000,0x00000000e0000000,0x00000000f6a00000)
  from space 72704K, 47% used [0x00000000f6a00000,0x00000000f8b90430,0x00000000fb100000)
  to   space 71680K, 0% used [0x00000000fba00000,0x00000000fba00000,0x0000000100000000)
 ParOldGen       total 214528K, used 192290K [0x00000000a0000000, 0x00000000ad180000, 0x00000000e0000000)
  object space 214528K, 89% used [0x00000000a0000000,0x00000000abbc89f8,0x00000000ad180000)
 Metaspace       used 184241K, capacity 193360K, committed 193664K, reserved 1218560K
  class space    used 22617K, capacity 24189K, committed 24192K, reserved 1048576K
}
Event: 8585,713 GC heap before
{Heap before GC invocations=80 (full 7):
 PSYoungGen      total 443392K, used 34369K [0x00000000e0000000, 0x0000000100000000, 0x0000000100000000)
  eden space 370688K, 0% used [0x00000000e0000000,0x00000000e0000000,0x00000000f6a00000)
  from space 72704K, 47% used [0x00000000f6a00000,0x00000000f8b90430,0x00000000fb100000)
  to   space 71680K, 0% used [0x00000000fba00000,0x00000000fba00000,0x0000000100000000)
 ParOldGen       total 214528K, used 192290K [0x00000000a0000000, 0x00000000ad180000, 0x00000000e0000000)
  object space 214528K, 89% used [0x00000000a0000000,0x00000000abbc89f8,0x00000000ad180000)
 Metaspace       used 184241K, capacity 193360K, committed 193664K, reserved 1218560K
  class space    used 22617K, capacity 24189K, committed 24192K, reserved 1048576K

