# JRE version: Java(TM) SE Runtime Environment (8.0_171-b11) (build 1.8.0_171-b11)
# Java VM: Java HotSpot(TM) 64-Bit Server VM (25.171-b11 mixed mode linux-amd64 compressed oops)
Heap:
 PSYoungGen      total 99328K, used 0K [0x00000000e0000000, 0x00000000e8480000, 0x0000000100000000)
  eden space 73216K, 0% used [0x00000000e0000000,0x00000000e0000000,0x00000000e4780000)
  from space 26112K, 0% used [0x00000000e6480000,0x00000000e6480000,0x00000000e7e00000)
  to   space 29696K, 0% used [0x00000000e4780000,0x00000000e4780000,0x00000000e6480000)
 ParOldGen       total 68096K, used 37295K [0x00000000a0000000, 0x00000000a4280000, 0x00000000e0000000)
  object space 68096K, 54% used [0x00000000a0000000,0x00000000a246bd08,0x00000000a4280000)
 Metaspace       used 57945K, capacity 58849K, committed 59160K, reserved 1101824K
  class space    used 7322K, capacity 7545K, committed 7552K, reserved 1048576K
GC Heap History (10 events):
Event: 27,975 GC heap after
Heap after GC invocations=11 (full 3):
 PSYoungGen      total 76288K, used 0K [0x00000000e0000000, 0x00000000e6600000, 0x0000000100000000)
  eden space 64000K, 0% used [0x00000000e0000000,0x00000000e0000000,0x00000000e3e80000)
  from space 12288K, 0% used [0x00000000e4c00000,0x00000000e4c00000,0x00000000e5800000)
  to   space 13824K, 0% used [0x00000000e3e80000,0x00000000e3e80000,0x00000000e4c00000)
 ParOldGen       total 68096K, used 17045K [0x00000000a0000000, 0x00000000a4280000, 0x00000000e0000000)
  object space 68096K, 25% used [0x00000000a0000000,0x00000000a10a5760,0x00000000a4280000)
 Metaspace       used 34687K, capacity 35211K, committed 35496K, reserved 1079296K
  class space    used 4649K, capacity 4812K, committed 4864K, reserved 1048576K
}
Event: 39,807 GC heap before
{Heap before GC invocations=12 (full 3):
 PSYoungGen      total 76288K, used 64000K [0x00000000e0000000, 0x00000000e6600000, 0x0000000100000000)
  eden space 64000K, 100% used [0x00000000e0000000,0x00000000e3e80000,0x00000000e3e80000)
  from space 12288K, 0% used [0x00000000e4c00000,0x00000000e4c00000,0x00000000e5800000)
  to   space 13824K, 0% used [0x00000000e3e80000,0x00000000e3e80000,0x00000000e4c00000)
 ParOldGen       total 68096K, used 17045K [0x00000000a0000000, 0x00000000a4280000, 0x00000000e0000000)
  object space 68096K, 25% used [0x00000000a0000000,0x00000000a10a5760,0x00000000a4280000)
 Metaspace       used 39997K, capacity 40549K, committed 41088K, reserved 1085440K
  class space    used 5240K, capacity 5403K, committed 5504K, reserved 1048576K
Event: 39,884 GC heap after
Heap after GC invocations=12 (full 3):
 PSYoungGen      total 77824K, used 13045K [0x00000000e0000000, 0x00000000e6700000, 0x0000000100000000)
  eden space 64000K, 0% used [0x00000000e0000000,0x00000000e0000000,0x00000000e3e80000)
  from space 13824K, 94% used [0x00000000e3e80000,0x00000000e4b3d460,0x00000000e4c00000)
  to   space 15360K, 0% used [0x00000000e5800000,0x00000000e5800000,0x00000000e6700000)
 ParOldGen       total 68096K, used 17053K [0x00000000a0000000, 0x00000000a4280000, 0x00000000e0000000)
  object space 68096K, 25% used [0x00000000a0000000,0x00000000a10a7760,0x00000000a4280000)
 Metaspace       used 39997K, capacity 40549K, committed 41088K, reserved 1085440K
  class space    used 5240K, capacity 5403K, committed 5504K, reserved 1048576K
}
Event: 44,593 GC heap before
{Heap before GC invocations=13 (full 3):
 PSYoungGen      total 77824K, used 77045K [0x00000000e0000000, 0x00000000e6700000, 0x0000000100000000)
  eden space 64000K, 100% used [0x00000000e0000000,0x00000000e3e80000,0x00000000e3e80000)
  from space 13824K, 94% used [0x00000000e3e80000,0x00000000e4b3d460,0x00000000e4c00000)
  to   space 15360K, 0% used [0x00000000e5800000,0x00000000e5800000,0x00000000e6700000)
 ParOldGen       total 68096K, used 17053K [0x00000000a0000000, 0x00000000a4280000, 0x00000000e0000000)
  object space 68096K, 25% used [0x00000000a0000000,0x00000000a10a7760,0x00000000a4280000)
 Metaspace       used 47994K, capacity 48739K, committed 49152K, reserved 1091584K
  class space    used 6199K, capacity 6398K, committed 6400K, reserved 1048576K
Event: 44,709 GC heap after
Heap after GC invocations=13 (full 3):
 PSYoungGen      total 85504K, used 15328K [0x00000000e0000000, 0x00000000e6b80000, 0x0000000100000000)
  eden space 70144K, 0% used [0x00000000e0000000,0x00000000e0000000,0x00000000e4480000)
  from space 15360K, 99% used [0x00000000e5800000,0x00000000e66f8018,0x00000000e6700000)
  to   space 19968K, 0% used [0x00000000e4480000,0x00000000e4480000,0x00000000e5800000)
 ParOldGen       total 68096K, used 22997K [0x00000000a0000000, 0x00000000a4280000, 0x00000000e0000000)
  object space 68096K, 33% used [0x00000000a0000000,0x00000000a1675470,0x00000000a4280000)
 Metaspace       used 47994K, capacity 48739K, committed 49152K, reserved 1091584K
  class space    used 6199K, capacity 6398K, committed 6400K, reserved 1048576K
}
Event: 55,100 GC heap before
{Heap before GC invocations=14 (full 3):
 PSYoungGen      total 85504K, used 85472K [0x00000000e0000000, 0x00000000e6b80000, 0x0000000100000000)
  eden space 70144K, 100% used [0x00000000e0000000,0x00000000e4480000,0x00000000e4480000)
  from space 15360K, 99% used [0x00000000e5800000,0x00000000e66f8018,0x00000000e6700000)
  to   space 19968K, 0% used [0x00000000e4480000,0x00000000e4480000,0x00000000e5800000)
 ParOldGen       total 68096K, used 22997K [0x00000000a0000000, 0x00000000a4280000, 0x00000000e0000000)
  object space 68096K, 33% used [0x00000000a0000000,0x00000000a1675470,0x00000000a4280000)
 Metaspace       used 53633K, capacity 54465K, committed 55040K, reserved 1097728K
  class space    used 6839K, capacity 7065K, committed 7168K, reserved 1048576K
Event: 55,294 GC heap after
Heap after GC invocations=14 (full 3):
 PSYoungGen      total 90112K, used 19936K [0x00000000e0000000, 0x00000000e7e00000, 0x0000000100000000)
  eden space 70144K, 0% used [0x00000000e0000000,0x00000000e0000000,0x00000000e4480000)
  from space 19968K, 99% used [0x00000000e4480000,0x00000000e57f80d8,0x00000000e5800000)
  to   space 26112K, 0% used [0x00000000e6480000,0x00000000e6480000,0x00000000e7e00000)
 ParOldGen       total 68096K, used 32393K [0x00000000a0000000, 0x00000000a4280000, 0x00000000e0000000)
  object space 68096K, 47% used [0x00000000a0000000,0x00000000a1fa26e8,0x00000000a4280000)
 Metaspace       used 53633K, capacity 54465K, committed 55040K, reserved 1097728K
  class space    used 6839K, capacity 7065K, committed 7168K, reserved 1048576K
}
Event: 58,917 GC heap before
{Heap before GC invocations=15 (full 3):
 PSYoungGen      total 90112K, used 74205K [0x00000000e0000000, 0x00000000e7e00000, 0x0000000100000000)
  eden space 70144K, 77% used [0x00000000e0000000,0x00000000e34ff6a0,0x00000000e4480000)
  from space 19968K, 99% used [0x00000000e4480000,0x00000000e57f80d8,0x00000000e5800000)
  to   space 26112K, 0% used [0x00000000e6480000,0x00000000e6480000,0x00000000e7e00000)
 ParOldGen       total 68096K, used 32393K [0x00000000a0000000, 0x00000000a4280000, 0x00000000e0000000)
  object space 68096K, 47% used [0x00000000a0000000,0x00000000a1fa26e8,0x00000000a4280000)
 Metaspace       used 57945K, capacity 58849K, committed 59160K, reserved 1101824K
  class space    used 7322K, capacity 7545K, committed 7552K, reserved 1048576K
Event: 58,982 GC heap after
Heap after GC invocations=15 (full 3):
 PSYoungGen      total 99328K, used 23602K [0x00000000e0000000, 0x00000000e8480000, 0x0000000100000000)
  eden space 73216K, 0% used [0x00000000e0000000,0x00000000e0000000,0x00000000e4780000)
  from space 26112K, 90% used [0x00000000e6480000,0x00000000e7b8cb90,0x00000000e7e00000)
  to   space 29696K, 0% used [0x00000000e4780000,0x00000000e4780000,0x00000000e6480000)
 ParOldGen       total 68096K, used 36909K [0x00000000a0000000, 0x00000000a4280000, 0x00000000e0000000)
  object space 68096K, 54% used [0x00000000a0000000,0x00000000a240b6f0,0x00000000a4280000)
 Metaspace       used 57945K, capacity 58849K, committed 59160K, reserved 1101824K
  class space    used 7322K, capacity 7545K, committed 7552K, reserved 1048576K
}
Event: 58,983 GC heap before
{Heap before GC invocations=16 (full 4):
 PSYoungGen      total 99328K, used 23602K [0x00000000e0000000, 0x00000000e8480000, 0x0000000100000000)
  eden space 73216K, 0% used [0x00000000e0000000,0x00000000e0000000,0x00000000e4780000)
  from space 26112K, 90% used [0x00000000e6480000,0x00000000e7b8cb90,0x00000000e7e00000)
  to   space 29696K, 0% used [0x00000000e4780000,0x00000000e4780000,0x00000000e6480000)
 ParOldGen       total 68096K, used 36909K [0x00000000a0000000, 0x00000000a4280000, 0x00000000e0000000)
  object space 68096K, 54% used [0x00000000a0000000,0x00000000a240b6f0,0x00000000a4280000)
 Metaspace       used 57945K, capacity 58849K, committed 59160K, reserved 1101824K
  class space    used 7322K, capacity 7545K, committed 7552K, reserved 1048576K

