# JRE version: Java(TM) SE Runtime Environment (8.0_171-b11) (build 1.8.0_171-b11)
# Java VM: Java HotSpot(TM) 64-Bit Server VM (25.171-b11 mixed mode linux-amd64 compressed oops)
Heap:
 PSYoungGen      total 248320K, used 19378K [0x00000000e0000000, 0x00000000f9b00000, 0x0000000100000000)
  eden space 205824K, 0% used [0x00000000e0000000,0x00000000e0000000,0x00000000ec900000)
  from space 42496K, 45% used [0x00000000f1700000,0x00000000f29ec9c8,0x00000000f4080000)
  to   space 79872K, 0% used [0x00000000ec900000,0x00000000ec900000,0x00000000f1700000)
 ParOldGen       total 115200K, used 114716K [0x00000000a0000000, 0x00000000a7080000, 0x00000000e0000000)
  object space 115200K, 99% used [0x00000000a0000000,0x00000000a70070e0,0x00000000a7080000)
 Metaspace       used 77397K, capacity 78691K, committed 85760K, reserved 1124352K
  class space    used 8938K, capacity 9226K, committed 10240K, reserved 1048576K
GC Heap History (10 events):
Event: 2835,998 GC heap after
Heap after GC invocations=29 (full 4):
 PSYoungGen      total 224768K, used 33767K [0x00000000e0000000, 0x00000000f2600000, 0x0000000100000000)
  eden space 190976K, 0% used [0x00000000e0000000,0x00000000e0000000,0x00000000eba80000)
  from space 33792K, 99% used [0x00000000eba80000,0x00000000edb79e00,0x00000000edb80000)
  to   space 39936K, 0% used [0x00000000eff00000,0x00000000eff00000,0x00000000f2600000)
 ParOldGen       total 115200K, used 50576K [0x00000000a0000000, 0x00000000a7080000, 0x00000000e0000000)
  object space 115200K, 43% used [0x00000000a0000000,0x00000000a31642f8,0x00000000a7080000)
 Metaspace       used 73959K, capacity 75797K, committed 76032K, reserved 1116160K
  class space    used 8634K, capacity 9105K, committed 9216K, reserved 1048576K
}
Event: 3621,916 GC heap before
{Heap before GC invocations=30 (full 4):
 PSYoungGen      total 224768K, used 86098K [0x00000000e0000000, 0x00000000f2600000, 0x0000000100000000)
  eden space 190976K, 27% used [0x00000000e0000000,0x00000000e331ada0,0x00000000eba80000)
  from space 33792K, 99% used [0x00000000eba80000,0x00000000edb79e00,0x00000000edb80000)
  to   space 39936K, 0% used [0x00000000eff00000,0x00000000eff00000,0x00000000f2600000)
 ParOldGen       total 115200K, used 50576K [0x00000000a0000000, 0x00000000a7080000, 0x00000000e0000000)
  object space 115200K, 43% used [0x00000000a0000000,0x00000000a31642f8,0x00000000a7080000)
 Metaspace       used 74292K, capacity 76213K, committed 76544K, reserved 1116160K
  class space    used 8652K, capacity 9137K, committed 9216K, reserved 1048576K
Event: 3622,288 GC heap after
Heap after GC invocations=30 (full 4):
 PSYoungGen      total 261120K, used 4019K [0x00000000e0000000, 0x00000000f2600000, 0x0000000100000000)
  eden space 221184K, 0% used [0x00000000e0000000,0x00000000e0000000,0x00000000ed800000)
  from space 39936K, 10% used [0x00000000eff00000,0x00000000f02eccb0,0x00000000f2600000)
  to   space 39936K, 0% used [0x00000000ed800000,0x00000000ed800000,0x00000000eff00000)
 ParOldGen       total 115200K, used 50976K [0x00000000a0000000, 0x00000000a7080000, 0x00000000e0000000)
  object space 115200K, 44% used [0x00000000a0000000,0x00000000a31c8348,0x00000000a7080000)
 Metaspace       used 74292K, capacity 76213K, committed 76544K, reserved 1116160K
  class space    used 8652K, capacity 9137K, committed 9216K, reserved 1048576K
}
Event: 3622,288 GC heap before
{Heap before GC invocations=31 (full 5):
 PSYoungGen      total 261120K, used 4019K [0x00000000e0000000, 0x00000000f2600000, 0x0000000100000000)
  eden space 221184K, 0% used [0x00000000e0000000,0x00000000e0000000,0x00000000ed800000)
  from space 39936K, 10% used [0x00000000eff00000,0x00000000f02eccb0,0x00000000f2600000)
  to   space 39936K, 0% used [0x00000000ed800000,0x00000000ed800000,0x00000000eff00000)
 ParOldGen       total 115200K, used 50976K [0x00000000a0000000, 0x00000000a7080000, 0x00000000e0000000)
  object space 115200K, 44% used [0x00000000a0000000,0x00000000a31c8348,0x00000000a7080000)
 Metaspace       used 74292K, capacity 76213K, committed 76544K, reserved 1116160K
  class space    used 8652K, capacity 9137K, committed 9216K, reserved 1048576K
Event: 3625,524 GC heap after
Heap after GC invocations=31 (full 5):
 PSYoungGen      total 261120K, used 0K [0x00000000e0000000, 0x00000000f2600000, 0x0000000100000000)
  eden space 221184K, 0% used [0x00000000e0000000,0x00000000e0000000,0x00000000ed800000)
  from space 39936K, 0% used [0x00000000eff00000,0x00000000eff00000,0x00000000f2600000)
  to   space 39936K, 0% used [0x00000000ed800000,0x00000000ed800000,0x00000000eff00000)
 ParOldGen       total 115200K, used 16887K [0x00000000a0000000, 0x00000000a7080000, 0x00000000e0000000)
  object space 115200K, 14% used [0x00000000a0000000,0x00000000a107dc88,0x00000000a7080000)
 Metaspace       used 68862K, capacity 70545K, committed 76544K, reserved 1116160K
  class space    used 7996K, capacity 8403K, committed 9216K, reserved 1048576K
}
Event: 6468,463 GC heap before
{Heap before GC invocations=32 (full 5):
 PSYoungGen      total 261120K, used 221184K [0x00000000e0000000, 0x00000000f2600000, 0x0000000100000000)
  eden space 221184K, 100% used [0x00000000e0000000,0x00000000ed800000,0x00000000ed800000)
  from space 39936K, 0% used [0x00000000eff00000,0x00000000eff00000,0x00000000f2600000)
  to   space 39936K, 0% used [0x00000000ed800000,0x00000000ed800000,0x00000000eff00000)
 ParOldGen       total 115200K, used 16887K [0x00000000a0000000, 0x00000000a7080000, 0x00000000e0000000)
  object space 115200K, 14% used [0x00000000a0000000,0x00000000a107dc88,0x00000000a7080000)
 Metaspace       used 72764K, capacity 74643K, committed 76544K, reserved 1116160K
  class space    used 8380K, capacity 8812K, committed 9216K, reserved 1048576K
Event: 6468,802 GC heap after
Heap after GC invocations=32 (full 5):
 PSYoungGen      total 261120K, used 29675K [0x00000000e0000000, 0x00000000f4080000, 0x0000000100000000)
  eden space 221184K, 0% used [0x00000000e0000000,0x00000000e0000000,0x00000000ed800000)
  from space 39936K, 74% used [0x00000000ed800000,0x00000000ef4faef8,0x00000000eff00000)
  to   space 42496K, 0% used [0x00000000f1700000,0x00000000f1700000,0x00000000f4080000)
 ParOldGen       total 115200K, used 16895K [0x00000000a0000000, 0x00000000a7080000, 0x00000000e0000000)
  object space 115200K, 14% used [0x00000000a0000000,0x00000000a107fc88,0x00000000a7080000)
 Metaspace       used 72764K, capacity 74643K, committed 76544K, reserved 1116160K
  class space    used 8380K, capacity 8812K, committed 9216K, reserved 1048576K
}
Event: 6473,046 GC heap before
{Heap before GC invocations=33 (full 5):
 PSYoungGen      total 261120K, used 250859K [0x00000000e0000000, 0x00000000f4080000, 0x0000000100000000)
  eden space 221184K, 100% used [0x00000000e0000000,0x00000000ed800000,0x00000000ed800000)
  from space 39936K, 74% used [0x00000000ed800000,0x00000000ef4faef8,0x00000000eff00000)
  to   space 42496K, 0% used [0x00000000f1700000,0x00000000f1700000,0x00000000f4080000)
 ParOldGen       total 115200K, used 16895K [0x00000000a0000000, 0x00000000a7080000, 0x00000000e0000000)
  object space 115200K, 14% used [0x00000000a0000000,0x00000000a107fc88,0x00000000a7080000)
 Metaspace       used 83600K, capacity 85555K, committed 85760K, reserved 1124352K
  class space    used 9702K, capacity 10154K, committed 10240K, reserved 1048576K
Event: 6473,851 GC heap after
Heap after GC invocations=33 (full 5):
 PSYoungGen      total 248320K, used 42493K [0x00000000e0000000, 0x00000000f9b00000, 0x0000000100000000)
  eden space 205824K, 0% used [0x00000000e0000000,0x00000000e0000000,0x00000000ec900000)
  from space 42496K, 99% used [0x00000000f1700000,0x00000000f407f538,0x00000000f4080000)
  to   space 79872K, 0% used [0x00000000ec900000,0x00000000ec900000,0x00000000f1700000)
 ParOldGen       total 115200K, used 98814K [0x00000000a0000000, 0x00000000a7080000, 0x00000000e0000000)
  object space 115200K, 85% used [0x00000000a0000000,0x00000000a607f940,0x00000000a7080000)
 Metaspace       used 83600K, capacity 85555K, committed 85760K, reserved 1124352K
  class space    used 9702K, capacity 10154K, committed 10240K, reserved 1048576K
}
Event: 6473,852 GC heap before
{Heap before GC invocations=34 (full 6):
 PSYoungGen      total 248320K, used 42493K [0x00000000e0000000, 0x00000000f9b00000, 0x0000000100000000)
  eden space 205824K, 0% used [0x00000000e0000000,0x00000000e0000000,0x00000000ec900000)
  from space 42496K, 99% used [0x00000000f1700000,0x00000000f407f538,0x00000000f4080000)
  to   space 79872K, 0% used [0x00000000ec900000,0x00000000ec900000,0x00000000f1700000)
 ParOldGen       total 115200K, used 98814K [0x00000000a0000000, 0x00000000a7080000, 0x00000000e0000000)
  object space 115200K, 85% used [0x00000000a0000000,0x00000000a607f940,0x00000000a7080000)
 Metaspace       used 83600K, capacity 85555K, committed 85760K, reserved 1124352K
  class space    used 9702K, capacity 10154K, committed 10240K, reserved 1048576K

